<?xml version="1.0" encoding="utf-8"?><testsuites name="pytest tests"><testsuite name="pytest" errors="0" failures="1" skipped="0" tests="14" time="2.074" timestamp="2026-08-12T17:43:24.620191+00:00" hostname="agent-env-1039f4be-7ec3-44ee-b022-d8b4e7026963"><testcase classname="backend.tests.backend_test" name="test_health" time="0.173" /><testcase classname="backend.tests.backend_test" name="test_data_endpoints_return_json[/api/profile]" time="0.083" /><testcase classname="backend.tests.backend_test" name="test_data_endpoints_return_json[/api/projects]" time="0.075" /><testcase classname="backend.tests.backend_test" name="test_data_endpoints_return_json[/api/blog]" time="0.076" /><testcase classname="backend.tests.backend_test" name="test_data_endpoints_return_json[/api/skills]" time="0.074" /><testcase classname="backend.tests.backend_test" name="test_data_endpoints_return_json[/api/experiences]" time="0.095" /><testcase classname="backend.tests.backend_test" name="test_projects_shape" time="0.083" /><testcase classname="backend.tests.backend_test" name="test_blog_list_and_detail" time="0.176"><failure message="assert False&#10; +  where False = any(&lt;generator object test_blog_list_and_detail.&lt;locals&gt;.&lt;genexpr&gt; at 0xfff021c53ae0&gt;)">backend/tests/backend_test.py:69: in test_blog_list_and_detail
    assert any(k in detail for k in ("body", "html", "content"))
E   assert False
E    +  where False = any(&lt;generator object test_blog_list_and_detail.&lt;locals&gt;.&lt;genexpr&gt; at 0xfff021c53ae0&gt;)</failure></testcase><testcase classname="backend.tests.backend_test" name="test_cv_pdf" time="0.206" /><testcase classname="backend.tests.backend_test" name="test_contact_valid_submission" time="0.140" /><testcase classname="backend.tests.backend_test" name="test_contact_invalid_email" time="0.147" /><testcase classname="backend.tests.backend_test" name="test_contact_missing_fields" time="0.213" /><testcase classname="backend.tests.backend_test" name="test_contact_honeypot_accepted_silently" time="0.300" /><testcase classname="backend.tests.backend_test" name="test_contact_messages_no_mongo_id_leak" time="0.140" /></testsuite></testsuites>